<?xml version="1.0" encoding="UTF-8"?>
<!-- Generated by org.testng.reporters.JUnitReportReporter -->
<testsuite name="testNG.testNG" tests="5" time="0.081" ignored="0" failures="0" timestamp="10 Feb 2020 16:35:19 GMT" skipped="0" hostname="DESKTOP-AH6BEL9" errors="0">
  <testcase name="DriveAcar" time="0.046" classname="testNG.testNG"/>
  <testcase name="putThirdGear" time="0.012" classname="testNG.testNG"/>
  <testcase name="puFourthGear" time="0.009" classname="testNG.testNG"/>
  <testcase name="putFristGear" time="0.011" classname="testNG.testNG"/>
  <testcase name="putSecondGear" time="0.003" classname="testNG.testNG"/>
</testsuite> <!-- testNG.testNG -->
