<?xml version="1.0" encoding="UTF-8"?>
<!-- Generated by org.testng.reporters.JUnitReportReporter -->
<testsuite name="testNG.skipATestCase" tests="4" time="0.067" ignored="1" failures="0" timestamp="10 Feb 2020 16:37:43 GMT" skipped="0" hostname="DESKTOP-AH6BEL9" errors="0">
  <testcase name="DriveAcar" time="0.040" classname="testNG.skipATestCase"/>
  <testcase name="putThirdGear" time="0.014" classname="testNG.skipATestCase"/>
  <testcase name="putFristGear" time="0.007" classname="testNG.skipATestCase"/>
  <testcase name="putSecondGear" time="0.006" classname="testNG.skipATestCase"/>
  <testcase name="puFourthGear" classname="testNG.skipATestCase">
    <skipped/>
  </testcase> <!-- puFourthGear -->
</testsuite> <!-- testNG.skipATestCase -->
